<?xml version="1.0" encoding="UTF-8"?>
<coverage generated="1701541372003" clover="3.2.0">
  <project timestamp="1701541372003" name="All files">
    <metrics statements="43" coveredstatements="25" conditionals="12" coveredconditionals="5" methods="27" coveredmethods="11" elements="82" coveredelements="41" complexity="0" loc="43" ncloc="43" packages="2" files="5" classes="5"/>
    <package name="src">
      <metrics statements="4" coveredstatements="0" conditionals="0" coveredconditionals="0" methods="1" coveredmethods="0"/>
      <file name="App.js" path="C:\Users\MAJBAR ISMAIL\Desktop\TodoList\todo_list_client\src\App.js">
        <metrics statements="2" coveredstatements="0" conditionals="0" coveredconditionals="0" methods="1" coveredmethods="0"/>
        <line num="9" count="0" type="stmt"/>
        <line num="11" count="0" type="stmt"/>
      </file>
      <file name="index.js" path="C:\Users\MAJBAR ISMAIL\Desktop\TodoList\todo_list_client\src\index.js">
        <metrics statements="2" coveredstatements="0" conditionals="0" coveredconditionals="0" methods="0" coveredmethods="0"/>
        <line num="6" count="0" type="stmt"/>
        <line num="7" count="0" type="stmt"/>
      </file>
    </package>
    <package name="src.Components">
      <metrics statements="39" coveredstatements="25" conditionals="12" coveredconditionals="5" methods="26" coveredmethods="11"/>
      <file name="AddTodoForm.js" path="C:\Users\MAJBAR ISMAIL\Desktop\TodoList\todo_list_client\src\Components\AddTodoForm.js">
        <metrics statements="10" coveredstatements="10" conditionals="0" coveredconditionals="0" methods="6" coveredmethods="5"/>
        <line num="5" count="1" type="stmt"/>
        <line num="7" count="9" type="stmt"/>
        <line num="9" count="9" type="stmt"/>
        <line num="11" count="1" type="stmt"/>
        <line num="12" count="1" type="stmt"/>
        <line num="19" count="1" type="stmt"/>
        <line num="23" count="1" type="stmt"/>
        <line num="24" count="1" type="stmt"/>
        <line num="28" count="9" type="stmt"/>
        <line num="34" count="8" type="stmt"/>
      </file>
      <file name="TodoItem.js" path="C:\Users\MAJBAR ISMAIL\Desktop\TodoList\todo_list_client\src\Components\TodoItem.js">
        <metrics statements="21" coveredstatements="15" conditionals="12" coveredconditionals="5" methods="15" coveredmethods="6"/>
        <line num="6" count="1" type="stmt"/>
        <line num="8" count="14" type="stmt"/>
        <line num="9" count="14" type="stmt"/>
        <line num="10" count="14" type="stmt"/>
        <line num="12" count="14" type="stmt"/>
        <line num="14" count="1" type="stmt"/>
        <line num="17" count="14" type="stmt"/>
        <line num="19" count="1" type="stmt"/>
        <line num="21" count="1" type="stmt"/>
        <line num="30" count="1" type="cond" truecount="1" falsecount="1"/>
        <line num="36" count="1" type="cond" truecount="0" falsecount="2"/>
        <line num="37" count="1" type="stmt"/>
        <line num="42" count="14" type="stmt"/>
        <line num="44" count="0" type="stmt"/>
        <line num="48" count="0" type="stmt"/>
        <line num="52" count="14" type="stmt"/>
        <line num="62" count="0" type="stmt"/>
        <line num="71" count="12" type="stmt"/>
        <line num="77" count="0" type="stmt"/>
        <line num="96" count="0" type="cond" truecount="0" falsecount="2"/>
        <line num="98" count="0" type="stmt"/>
      </file>
      <file name="TodoList.js" path="C:\Users\MAJBAR ISMAIL\Desktop\TodoList\todo_list_client\src\Components\TodoList.js">
        <metrics statements="8" coveredstatements="0" conditionals="0" coveredconditionals="0" methods="5" coveredmethods="0"/>
        <line num="6" count="0" type="stmt"/>
        <line num="8" count="0" type="stmt"/>
        <line num="10" count="0" type="stmt"/>
        <line num="12" count="0" type="stmt"/>
        <line num="13" count="0" type="stmt"/>
        <line num="14" count="0" type="stmt"/>
        <line num="17" count="0" type="stmt"/>
        <line num="25" count="0" type="stmt"/>
      </file>
    </package>
  </project>
</coverage>
