{"C:\\Users\\MAJBAR ISMAIL\\Desktop\\TodoList\\todo_list_client\\src\\App.js": {"path":"C:\\Users\\MAJBAR ISMAIL\\Desktop\\TodoList\\todo_list_client\\src\\App.js","statementMap":{"0":{"start":{"line":9,"column":0},"end":{"line":9,"column":107}},"1":{"start":{"line":11,"column":12},"end":{"line":11,"column":30}},"2":{"start":{"line":11,"column":18},"end":{"line":11,"column":30}}},"fnMap":{"0":{"name":"(anonymous_0)","decl":{"start":{"line":11,"column":12},"end":{"line":11,"column":13}},"loc":{"start":{"line":11,"column":18},"end":{"line":11,"column":30}},"line":11}},"branchMap":{},"s":{"0":0,"1":0,"2":0},"f":{"0":0},"b":{}}
,"C:\\Users\\MAJBAR ISMAIL\\Desktop\\TodoList\\todo_list_client\\src\\index.js": {"path":"C:\\Users\\MAJBAR ISMAIL\\Desktop\\TodoList\\todo_list_client\\src\\index.js","statementMap":{"0":{"start":{"line":6,"column":13},"end":{"line":6,"column":65}},"1":{"start":{"line":7,"column":0},"end":{"line":11,"column":2}}},"fnMap":{},"branchMap":{},"s":{"0":0,"1":0},"f":{},"b":{}}
,"C:\\Users\\MAJBAR ISMAIL\\Desktop\\TodoList\\todo_list_client\\src\\Components\\AddTodoForm.js": {"path":"C:\\Users\\MAJBAR ISMAIL\\Desktop\\TodoList\\todo_list_client\\src\\Components\\AddTodoForm.js","statementMap":{"0":{"start":{"line":5,"column":20},"end":{"line":44,"column":1}},"1":{"start":{"line":7,"column":28},"end":{"line":7,"column":40}},"2":{"start":{"line":9,"column":23},"end":{"line":26,"column":3}},"3":{"start":{"line":11,"column":4},"end":{"line":11,"column":27}},"4":{"start":{"line":12,"column":4},"end":{"line":25,"column":9}},"5":{"start":{"line":19,"column":24},"end":{"line":19,"column":39}},"6":{"start":{"line":23,"column":8},"end":{"line":23,"column":49}},"7":{"start":{"line":23,"column":26},"end":{"line":23,"column":47}},"8":{"start":{"line":24,"column":8},"end":{"line":24,"column":20}},"9":{"start":{"line":28,"column":2},"end":{"line":43,"column":4}},"10":{"start":{"line":34,"column":28},"end":{"line":34,"column":51}}},"fnMap":{"0":{"name":"(anonymous_0)","decl":{"start":{"line":5,"column":20},"end":{"line":5,"column":21}},"loc":{"start":{"line":6,"column":0},"end":{"line":44,"column":1}},"line":6},"1":{"name":"(anonymous_1)","decl":{"start":{"line":9,"column":23},"end":{"line":9,"column":24}},"loc":{"start":{"line":10,"column":2},"end":{"line":26,"column":3}},"line":10},"2":{"name":"(anonymous_2)","decl":{"start":{"line":19,"column":12},"end":{"line":19,"column":13}},"loc":{"start":{"line":19,"column":24},"end":{"line":19,"column":39}},"line":19},"3":{"name":"(anonymous_3)","decl":{"start":{"line":20,"column":12},"end":{"line":20,"column":13}},"loc":{"start":{"line":21,"column":6},"end":{"line":25,"column":7}},"line":21},"4":{"name":"(anonymous_4)","decl":{"start":{"line":23,"column":17},"end":{"line":23,"column":18}},"loc":{"start":{"line":23,"column":26},"end":{"line":23,"column":47}},"line":23},"5":{"name":"(anonymous_5)","decl":{"start":{"line":34,"column":21},"end":{"line":34,"column":22}},"loc":{"start":{"line":34,"column":28},"end":{"line":34,"column":51}},"line":34}},"branchMap":{},"s":{"0":1,"1":9,"2":9,"3":1,"4":1,"5":1,"6":1,"7":0,"8":1,"9":9,"10":8},"f":{"0":9,"1":1,"2":1,"3":1,"4":0,"5":8},"b":{},"_coverageSchema":"1a1c01bbd47fc00a2c39e90264f33305004495a9","hash":"c4443dad35e8f4d66c275220f5b2862bf9aedd79"}
,"C:\\Users\\MAJBAR ISMAIL\\Desktop\\TodoList\\todo_list_client\\src\\Components\\TodoItem.js": {"path":"C:\\Users\\MAJBAR ISMAIL\\Desktop\\TodoList\\todo_list_client\\src\\Components\\TodoItem.js","statementMap":{"0":{"start":{"line":6,"column":17},"end":{"line":109,"column":1}},"1":{"start":{"line":8,"column":38},"end":{"line":8,"column":53}},"2":{"start":{"line":9,"column":42},"end":{"line":9,"column":61}},"3":{"start":{"line":10,"column":40},"end":{"line":10,"column":65}},"4":{"start":{"line":12,"column":21},"end":{"line":15,"column":3}},"5":{"start":{"line":14,"column":4},"end":{"line":14,"column":23}},"6":{"start":{"line":17,"column":23},"end":{"line":40,"column":3}},"7":{"start":{"line":19,"column":24},"end":{"line":19,"column":66}},"8":{"start":{"line":21,"column":4},"end":{"line":38,"column":8}},"9":{"start":{"line":30,"column":8},"end":{"line":32,"column":17}},"10":{"start":{"line":36,"column":8},"end":{"line":36,"column":80}},"11":{"start":{"line":36,"column":26},"end":{"line":36,"column":78}},"12":{"start":{"line":36,"column":42},"end":{"line":36,"column":76}},"13":{"start":{"line":37,"column":8},"end":{"line":37,"column":28}},"14":{"start":{"line":42,"column":23},"end":{"line":50,"column":3}},"15":{"start":{"line":44,"column":4},"end":{"line":49,"column":7}},"16":{"start":{"line":48,"column":6},"end":{"line":48,"column":61}},"17":{"start":{"line":48,"column":24},"end":{"line":48,"column":59}},"18":{"start":{"line":48,"column":42},"end":{"line":48,"column":58}},"19":{"start":{"line":52,"column":2},"end":{"line":108,"column":4}},"20":{"start":{"line":62,"column":34},"end":{"line":62,"column":65}},"21":{"start":{"line":71,"column":32},"end":{"line":71,"column":62}},"22":{"start":{"line":77,"column":65},"end":{"line":77,"column":84}},"23":{"start":{"line":96,"column":14},"end":{"line":99,"column":15}},"24":{"start":{"line":98,"column":16},"end":{"line":98,"column":31}}},"fnMap":{"0":{"name":"(anonymous_0)","decl":{"start":{"line":6,"column":17},"end":{"line":6,"column":18}},"loc":{"start":{"line":7,"column":0},"end":{"line":109,"column":1}},"line":7},"1":{"name":"(anonymous_1)","decl":{"start":{"line":12,"column":21},"end":{"line":12,"column":22}},"loc":{"start":{"line":13,"column":2},"end":{"line":15,"column":3}},"line":13},"2":{"name":"(anonymous_2)","decl":{"start":{"line":17,"column":23},"end":{"line":17,"column":24}},"loc":{"start":{"line":18,"column":2},"end":{"line":40,"column":3}},"line":18},"3":{"name":"(anonymous_3)","decl":{"start":{"line":28,"column":12},"end":{"line":28,"column":13}},"loc":{"start":{"line":29,"column":6},"end":{"line":33,"column":7}},"line":29},"4":{"name":"(anonymous_4)","decl":{"start":{"line":34,"column":12},"end":{"line":34,"column":13}},"loc":{"start":{"line":35,"column":6},"end":{"line":38,"column":7}},"line":35},"5":{"name":"(anonymous_5)","decl":{"start":{"line":36,"column":17},"end":{"line":36,"column":18}},"loc":{"start":{"line":36,"column":26},"end":{"line":36,"column":78}},"line":36},"6":{"name":"(anonymous_6)","decl":{"start":{"line":36,"column":36},"end":{"line":36,"column":37}},"loc":{"start":{"line":36,"column":42},"end":{"line":36,"column":76}},"line":36},"7":{"name":"(anonymous_7)","decl":{"start":{"line":42,"column":23},"end":{"line":42,"column":24}},"loc":{"start":{"line":43,"column":2},"end":{"line":50,"column":3}},"line":43},"8":{"name":"(anonymous_8)","decl":{"start":{"line":46,"column":12},"end":{"line":46,"column":13}},"loc":{"start":{"line":47,"column":4},"end":{"line":49,"column":5}},"line":47},"9":{"name":"(anonymous_9)","decl":{"start":{"line":48,"column":15},"end":{"line":48,"column":16}},"loc":{"start":{"line":48,"column":24},"end":{"line":48,"column":59}},"line":48},"10":{"name":"(anonymous_10)","decl":{"start":{"line":48,"column":37},"end":{"line":48,"column":38}},"loc":{"start":{"line":48,"column":42},"end":{"line":48,"column":58}},"line":48},"11":{"name":"(anonymous_11)","decl":{"start":{"line":62,"column":27},"end":{"line":62,"column":28}},"loc":{"start":{"line":62,"column":34},"end":{"line":62,"column":65}},"line":62},"12":{"name":"(anonymous_12)","decl":{"start":{"line":71,"column":25},"end":{"line":71,"column":26}},"loc":{"start":{"line":71,"column":32},"end":{"line":71,"column":62}},"line":71},"13":{"name":"(anonymous_13)","decl":{"start":{"line":77,"column":59},"end":{"line":77,"column":60}},"loc":{"start":{"line":77,"column":65},"end":{"line":77,"column":84}},"line":77},"14":{"name":"(anonymous_14)","decl":{"start":{"line":94,"column":22},"end":{"line":94,"column":23}},"loc":{"start":{"line":95,"column":12},"end":{"line":100,"column":13}},"line":95}},"branchMap":{"0":{"loc":{"start":{"line":30,"column":15},"end":{"line":32,"column":16}},"type":"cond-expr","locations":[{"start":{"line":31,"column":12},"end":{"line":31,"column":27}},{"start":{"line":32,"column":12},"end":{"line":32,"column":16}}],"line":30},"1":{"loc":{"start":{"line":36,"column":42},"end":{"line":36,"column":76}},"type":"cond-expr","locations":[{"start":{"line":36,"column":61},"end":{"line":36,"column":72}},{"start":{"line":36,"column":75},"end":{"line":36,"column":76}}],"line":36},"2":{"loc":{"start":{"line":53,"column":41},"end":{"line":53,"column":84}},"type":"cond-expr","locations":[{"start":{"line":53,"column":54},"end":{"line":53,"column":79}},{"start":{"line":53,"column":82},"end":{"line":53,"column":84}}],"line":53},"3":{"loc":{"start":{"line":54,"column":8},"end":{"line":106,"column":7}},"type":"cond-expr","locations":[{"start":{"line":55,"column":8},"end":{"line":80,"column":14}},{"start":{"line":82,"column":8},"end":{"line":105,"column":14}}],"line":54},"4":{"loc":{"start":{"line":83,"column":50},"end":{"line":83,"column":98}},"type":"cond-expr","locations":[{"start":{"line":83,"column":63},"end":{"line":83,"column":93}},{"start":{"line":83,"column":96},"end":{"line":83,"column":98}}],"line":83},"5":{"loc":{"start":{"line":96,"column":14},"end":{"line":99,"column":15}},"type":"if","locations":[{"start":{"line":96,"column":14},"end":{"line":99,"column":15}},{"start":{},"end":{}}],"line":96}},"s":{"0":1,"1":14,"2":14,"3":14,"4":14,"5":1,"6":14,"7":1,"8":1,"9":1,"10":1,"11":0,"12":0,"13":1,"14":14,"15":0,"16":0,"17":0,"18":0,"19":14,"20":0,"21":12,"22":0,"23":0,"24":0},"f":{"0":14,"1":1,"2":1,"3":1,"4":1,"5":0,"6":0,"7":0,"8":0,"9":0,"10":0,"11":0,"12":12,"13":0,"14":0},"b":{"0":[0,1],"1":[0,0],"2":[0,14],"3":[13,1],"4":[0,1],"5":[0,0]},"_coverageSchema":"1a1c01bbd47fc00a2c39e90264f33305004495a9","hash":"a6a68e18aac40f7006be5a2f2b9c2c6305ed0cfe"}
,"C:\\Users\\MAJBAR ISMAIL\\Desktop\\TodoList\\todo_list_client\\src\\Components\\TodoList.js": {"path":"C:\\Users\\MAJBAR ISMAIL\\Desktop\\TodoList\\todo_list_client\\src\\Components\\TodoList.js","statementMap":{"0":{"start":{"line":6,"column":17},"end":{"line":32,"column":1}},"1":{"start":{"line":8,"column":30},"end":{"line":8,"column":42}},"2":{"start":{"line":10,"column":2},"end":{"line":15,"column":9}},"3":{"start":{"line":12,"column":4},"end":{"line":14,"column":36}},"4":{"start":{"line":13,"column":24},"end":{"line":13,"column":39}},"5":{"start":{"line":14,"column":20},"end":{"line":14,"column":34}},"6":{"start":{"line":17,"column":2},"end":{"line":31,"column":4}},"7":{"start":{"line":25,"column":14},"end":{"line":25,"column":78}}},"fnMap":{"0":{"name":"(anonymous_0)","decl":{"start":{"line":6,"column":17},"end":{"line":6,"column":18}},"loc":{"start":{"line":7,"column":0},"end":{"line":32,"column":1}},"line":7},"1":{"name":"(anonymous_1)","decl":{"start":{"line":10,"column":12},"end":{"line":10,"column":13}},"loc":{"start":{"line":11,"column":2},"end":{"line":15,"column":3}},"line":11},"2":{"name":"(anonymous_2)","decl":{"start":{"line":13,"column":12},"end":{"line":13,"column":13}},"loc":{"start":{"line":13,"column":24},"end":{"line":13,"column":39}},"line":13},"3":{"name":"(anonymous_3)","decl":{"start":{"line":14,"column":12},"end":{"line":14,"column":13}},"loc":{"start":{"line":14,"column":20},"end":{"line":14,"column":34}},"line":14},"4":{"name":"(anonymous_4)","decl":{"start":{"line":24,"column":24},"end":{"line":24,"column":25}},"loc":{"start":{"line":25,"column":14},"end":{"line":25,"column":78}},"line":25}},"branchMap":{},"s":{"0":0,"1":0,"2":0,"3":0,"4":0,"5":0,"6":0,"7":0},"f":{"0":0,"1":0,"2":0,"3":0,"4":0},"b":{}}
}
