TN:
SF:src\App.js
FN:11,(anonymous_0)
FNF:1
FNH:0
FNDA:0,(anonymous_0)
DA:9,0
DA:11,0
LF:2
LH:0
BRF:0
BRH:0
end_of_record
TN:
SF:src\index.js
FNF:0
FNH:0
DA:6,0
DA:7,0
LF:2
LH:0
BRF:0
BRH:0
end_of_record
TN:
SF:src\Components\AddTodoForm.js
FN:5,(anonymous_0)
FN:9,(anonymous_1)
FN:19,(anonymous_2)
FN:20,(anonymous_3)
FN:23,(anonymous_4)
FN:34,(anonymous_5)
FNF:6
FNH:5
FNDA:9,(anonymous_0)
FNDA:1,(anonymous_1)
FNDA:1,(anonymous_2)
FNDA:1,(anonymous_3)
FNDA:0,(anonymous_4)
FNDA:8,(anonymous_5)
DA:5,1
DA:7,9
DA:9,9
DA:11,1
DA:12,1
DA:19,1
DA:23,1
DA:24,1
DA:28,9
DA:34,8
LF:10
LH:10
BRF:0
BRH:0
end_of_record
TN:
SF:src\Components\TodoItem.js
FN:6,(anonymous_0)
FN:12,(anonymous_1)
FN:17,(anonymous_2)
FN:28,(anonymous_3)
FN:34,(anonymous_4)
FN:36,(anonymous_5)
FN:36,(anonymous_6)
FN:42,(anonymous_7)
FN:46,(anonymous_8)
FN:48,(anonymous_9)
FN:48,(anonymous_10)
FN:62,(anonymous_11)
FN:71,(anonymous_12)
FN:77,(anonymous_13)
FN:94,(anonymous_14)
FNF:15
FNH:6
FNDA:14,(anonymous_0)
FNDA:1,(anonymous_1)
FNDA:1,(anonymous_2)
FNDA:1,(anonymous_3)
FNDA:1,(anonymous_4)
FNDA:0,(anonymous_5)
FNDA:0,(anonymous_6)
FNDA:0,(anonymous_7)
FNDA:0,(anonymous_8)
FNDA:0,(anonymous_9)
FNDA:0,(anonymous_10)
FNDA:0,(anonymous_11)
FNDA:12,(anonymous_12)
FNDA:0,(anonymous_13)
FNDA:0,(anonymous_14)
DA:6,1
DA:8,14
DA:9,14
DA:10,14
DA:12,14
DA:14,1
DA:17,14
DA:19,1
DA:21,1
DA:30,1
DA:36,1
DA:37,1
DA:42,14
DA:44,0
DA:48,0
DA:52,14
DA:62,0
DA:71,12
DA:77,0
DA:96,0
DA:98,0
LF:21
LH:15
BRDA:30,0,0,0
BRDA:30,0,1,1
BRDA:36,1,0,0
BRDA:36,1,1,0
BRDA:53,2,0,0
BRDA:53,2,1,14
BRDA:54,3,0,13
BRDA:54,3,1,1
BRDA:83,4,0,0
BRDA:83,4,1,1
BRDA:96,5,0,0
BRDA:96,5,1,0
BRF:12
BRH:5
end_of_record
TN:
SF:src\Components\TodoList.js
FN:6,(anonymous_0)
FN:10,(anonymous_1)
FN:13,(anonymous_2)
FN:14,(anonymous_3)
FN:24,(anonymous_4)
FNF:5
FNH:0
FNDA:0,(anonymous_0)
FNDA:0,(anonymous_1)
FNDA:0,(anonymous_2)
FNDA:0,(anonymous_3)
FNDA:0,(anonymous_4)
DA:6,0
DA:8,0
DA:10,0
DA:12,0
DA:13,0
DA:14,0
DA:17,0
DA:25,0
LF:8
LH:0
BRF:0
BRH:0
end_of_record
